2021-02-11 10:02:56.139  INFO 8916 --- [main] com.vaman.spring.boot.demo.App           : Starting App using Java 1.8.0_281 on DESKTOP-KFP7J4E with PID 8916 (C:\VamanCode\eclipse-workspace-7\spring-boot-project\target\classes started by Vaman in C:\VamanCode\eclipse-workspace-7\spring-boot-project)
2021-02-11 10:02:56.154  INFO 8916 --- [main] com.vaman.spring.boot.demo.App           : No active profile set, falling back to default profiles: default
2021-02-11 10:02:58.960  INFO 8916 --- [main] .s.d.r.c.RepositoryConfigurationDelegate : Bootstrapping Spring Data JPA repositories in DEFERRED mode.
2021-02-11 10:02:59.195  INFO 8916 --- [main] .s.d.r.c.RepositoryConfigurationDelegate : Finished Spring Data repository scanning in 187 ms. Found 2 JPA repository interfaces.
2021-02-11 10:03:00.723  INFO 8916 --- [main] o.s.b.w.embedded.tomcat.TomcatWebServer  : Tomcat initialized with port(s): 8090 (http)
2021-02-11 10:03:00.749  INFO 8916 --- [main] o.apache.catalina.core.StandardService   : Starting service [Tomcat]
2021-02-11 10:03:00.752  INFO 8916 --- [main] org.apache.catalina.core.StandardEngine  : Starting Servlet engine: [Apache Tomcat/9.0.39]
2021-02-11 10:03:00.757  INFO 8916 --- [main] o.a.catalina.core.AprLifecycleListener   : Loaded Apache Tomcat Native library [1.2.24] using APR version [1.7.0].
2021-02-11 10:03:00.758  INFO 8916 --- [main] o.a.catalina.core.AprLifecycleListener   : APR capabilities: IPv6 [true], sendfile [true], accept filters [false], random [true].
2021-02-11 10:03:00.759  INFO 8916 --- [main] o.a.catalina.core.AprLifecycleListener   : APR/OpenSSL configuration: useAprConnector [false], useOpenSSL [true]
2021-02-11 10:03:00.797  INFO 8916 --- [main] o.a.catalina.core.AprLifecycleListener   : OpenSSL successfully initialized [OpenSSL 1.1.1g  21 Apr 2020]
2021-02-11 10:03:01.143  INFO 8916 --- [main] o.a.c.c.C.[Tomcat].[localhost].[/]       : Initializing Spring embedded WebApplicationContext
2021-02-11 10:03:01.144  INFO 8916 --- [main] w.s.c.ServletWebServerApplicationContext : Root WebApplicationContext: initialization completed in 4585 ms
2021-02-11 10:03:02.540  INFO 8916 --- [main] o.s.s.concurrent.ThreadPoolTaskExecutor  : Initializing ExecutorService 'applicationTaskExecutor'
2021-02-11 10:03:02.741  INFO 8916 --- [task-1] o.hibernate.jpa.internal.util.LogHelper  : HHH000204: Processing PersistenceUnitInfo [name: default]
2021-02-11 10:03:03.201  WARN 8916 --- [main] JpaBaseConfiguration$JpaWebConfiguration : spring.jpa.open-in-view is enabled by default. Therefore, database queries may be performed during view rendering. Explicitly configure spring.jpa.open-in-view to disable this warning
2021-02-11 10:03:03.323  INFO 8916 --- [task-1] org.hibernate.Version                    : HHH000412: Hibernate ORM core version 5.4.23.Final
2021-02-11 10:03:04.489  INFO 8916 --- [task-1] o.hibernate.annotations.common.Version   : HCANN000001: Hibernate Commons Annotations {5.1.2.Final}
2021-02-11 10:03:05.922  INFO 8916 --- [task-1] com.zaxxer.hikari.HikariDataSource       : HikariPool-1 - Starting...
2021-02-11 10:03:05.928  WARN 8916 --- [task-1] com.zaxxer.hikari.util.DriverDataSource  : Registered driver with driverClassName=org.apache.derby.jdbc.EmbeddedDriver was not found, trying direct instantiation.
2021-02-11 10:03:06.431  INFO 8916 --- [main] o.s.b.w.embedded.tomcat.TomcatWebServer  : Tomcat started on port(s): 8090 (http) with context path ''
2021-02-11 10:03:06.441  INFO 8916 --- [main] DeferredRepositoryInitializationListener : Triggering deferred initialization of Spring Data repositories…
2021-02-11 10:03:07.178  INFO 8916 --- [task-1] com.zaxxer.hikari.pool.PoolBase          : HikariPool-1 - Driver does not support get/set network timeout for connections. (Feature not implemented: No details.)
2021-02-11 10:03:07.184  INFO 8916 --- [task-1] com.zaxxer.hikari.HikariDataSource       : HikariPool-1 - Start completed.
2021-02-11 10:03:07.221  INFO 8916 --- [task-1] org.hibernate.dialect.Dialect            : HHH000400: Using dialect: org.hibernate.dialect.DerbyTenSevenDialect
2021-02-11 10:03:13.070  INFO 8916 --- [task-1] o.h.e.t.j.p.i.JtaPlatformInitiator       : HHH000490: Using JtaPlatform implementation: [org.hibernate.engine.transaction.jta.platform.internal.NoJtaPlatform]
2021-02-11 10:03:13.097  INFO 8916 --- [task-1] j.LocalContainerEntityManagerFactoryBean : Initialized JPA EntityManagerFactory for persistence unit 'default'
2021-02-11 10:03:14.328  INFO 8916 --- [main] DeferredRepositoryInitializationListener : Spring Data repositories initialized!
2021-02-11 10:03:14.353  INFO 8916 --- [main] com.vaman.spring.boot.demo.App           : Started App in 19.644 seconds (JVM running for 22.228)
2021-02-11 10:03:14.360  INFO 8916 --- [main] com.vaman.spring.boot.demo.App           : End
2021-02-11 10:04:51.273  INFO 8916 --- [http-nio-8090-exec-1] o.a.c.c.C.[Tomcat].[localhost].[/]       : Initializing Spring DispatcherServlet 'dispatcherServlet'
2021-02-11 10:04:51.274  INFO 8916 --- [http-nio-8090-exec-1] o.s.web.servlet.DispatcherServlet        : Initializing Servlet 'dispatcherServlet'
2021-02-11 10:04:51.278  INFO 8916 --- [http-nio-8090-exec-1] o.s.web.servlet.DispatcherServlet        : Completed initialization in 3 ms
2021-02-11 10:07:21.924 ERROR 8916 --- [http-nio-8090-exec-4] o.a.c.c.C.[.[.[/].[dispatcherServlet]    : Servlet.service() for servlet [dispatcherServlet] in context with path [] threw exception [Request processing failed; nested exception is java.util.NoSuchElementException: No value present] with root cause

java.util.NoSuchElementException: No value present
	at java.util.Optional.get(Unknown Source) ~[na:1.8.0_281]
	at com.vaman.spring.boot.demo.service.DepartmentService.getDepartmentById(DepartmentService.java:28) ~[classes/:na]
	at com.vaman.spring.boot.demo.controller.DepartmentController.getDepartment(DepartmentController.java:29) ~[classes/:na]
	at sun.reflect.NativeMethodAccessorImpl.invoke0(Native Method) ~[na:1.8.0_281]
	at sun.reflect.NativeMethodAccessorImpl.invoke(Unknown Source) ~[na:1.8.0_281]
	at sun.reflect.DelegatingMethodAccessorImpl.invoke(Unknown Source) ~[na:1.8.0_281]
	at java.lang.reflect.Method.invoke(Unknown Source) ~[na:1.8.0_281]
	at org.springframework.web.method.support.InvocableHandlerMethod.doInvoke(InvocableHandlerMethod.java:197) ~[spring-web-5.3.1.jar:5.3.1]
	at org.springframework.web.method.support.InvocableHandlerMethod.invokeForRequest(InvocableHandlerMethod.java:141) ~[spring-web-5.3.1.jar:5.3.1]
	at org.springframework.web.servlet.mvc.method.annotation.ServletInvocableHandlerMethod.invokeAndHandle(ServletInvocableHandlerMethod.java:106) ~[spring-webmvc-5.3.1.jar:5.3.1]
	at org.springframework.web.servlet.mvc.method.annotation.RequestMappingHandlerAdapter.invokeHandlerMethod(RequestMappingHandlerAdapter.java:893) ~[spring-webmvc-5.3.1.jar:5.3.1]
	at org.springframework.web.servlet.mvc.method.annotation.RequestMappingHandlerAdapter.handleInternal(RequestMappingHandlerAdapter.java:807) ~[spring-webmvc-5.3.1.jar:5.3.1]
	at org.springframework.web.servlet.mvc.method.AbstractHandlerMethodAdapter.handle(AbstractHandlerMethodAdapter.java:87) ~[spring-webmvc-5.3.1.jar:5.3.1]
	at org.springframework.web.servlet.DispatcherServlet.doDispatch(DispatcherServlet.java:1061) ~[spring-webmvc-5.3.1.jar:5.3.1]
	at org.springframework.web.servlet.DispatcherServlet.doService(DispatcherServlet.java:961) ~[spring-webmvc-5.3.1.jar:5.3.1]
	at org.springframework.web.servlet.FrameworkServlet.processRequest(FrameworkServlet.java:1006) ~[spring-webmvc-5.3.1.jar:5.3.1]
	at org.springframework.web.servlet.FrameworkServlet.doGet(FrameworkServlet.java:898) ~[spring-webmvc-5.3.1.jar:5.3.1]
	at javax.servlet.http.HttpServlet.service(HttpServlet.java:626) ~[tomcat-embed-core-9.0.39.jar:4.0.FR]
	at org.springframework.web.servlet.FrameworkServlet.service(FrameworkServlet.java:883) ~[spring-webmvc-5.3.1.jar:5.3.1]
	at javax.servlet.http.HttpServlet.service(HttpServlet.java:733) ~[tomcat-embed-core-9.0.39.jar:4.0.FR]
	at org.apache.catalina.core.ApplicationFilterChain.internalDoFilter(ApplicationFilterChain.java:231) ~[tomcat-embed-core-9.0.39.jar:9.0.39]
	at org.apache.catalina.core.ApplicationFilterChain.doFilter(ApplicationFilterChain.java:166) ~[tomcat-embed-core-9.0.39.jar:9.0.39]
	at org.apache.tomcat.websocket.server.WsFilter.doFilter(WsFilter.java:53) ~[tomcat-embed-websocket-9.0.39.jar:9.0.39]
	at org.apache.catalina.core.ApplicationFilterChain.internalDoFilter(ApplicationFilterChain.java:193) ~[tomcat-embed-core-9.0.39.jar:9.0.39]
	at org.apache.catalina.core.ApplicationFilterChain.doFilter(ApplicationFilterChain.java:166) ~[tomcat-embed-core-9.0.39.jar:9.0.39]
	at org.springframework.web.filter.RequestContextFilter.doFilterInternal(RequestContextFilter.java:100) ~[spring-web-5.3.1.jar:5.3.1]
	at org.springframework.web.filter.OncePerRequestFilter.doFilter(OncePerRequestFilter.java:119) ~[spring-web-5.3.1.jar:5.3.1]
	at org.apache.catalina.core.ApplicationFilterChain.internalDoFilter(ApplicationFilterChain.java:193) ~[tomcat-embed-core-9.0.39.jar:9.0.39]
	at org.apache.catalina.core.ApplicationFilterChain.doFilter(ApplicationFilterChain.java:166) ~[tomcat-embed-core-9.0.39.jar:9.0.39]
	at org.springframework.web.filter.FormContentFilter.doFilterInternal(FormContentFilter.java:93) ~[spring-web-5.3.1.jar:5.3.1]
	at org.springframework.web.filter.OncePerRequestFilter.doFilter(OncePerRequestFilter.java:119) ~[spring-web-5.3.1.jar:5.3.1]
	at org.apache.catalina.core.ApplicationFilterChain.internalDoFilter(ApplicationFilterChain.java:193) ~[tomcat-embed-core-9.0.39.jar:9.0.39]
	at org.apache.catalina.core.ApplicationFilterChain.doFilter(ApplicationFilterChain.java:166) ~[tomcat-embed-core-9.0.39.jar:9.0.39]
	at org.springframework.web.filter.CharacterEncodingFilter.doFilterInternal(CharacterEncodingFilter.java:201) ~[spring-web-5.3.1.jar:5.3.1]
	at org.springframework.web.filter.OncePerRequestFilter.doFilter(OncePerRequestFilter.java:119) ~[spring-web-5.3.1.jar:5.3.1]
	at org.apache.catalina.core.ApplicationFilterChain.internalDoFilter(ApplicationFilterChain.java:193) ~[tomcat-embed-core-9.0.39.jar:9.0.39]
	at org.apache.catalina.core.ApplicationFilterChain.doFilter(ApplicationFilterChain.java:166) ~[tomcat-embed-core-9.0.39.jar:9.0.39]
	at org.apache.catalina.core.StandardWrapperValve.invoke(StandardWrapperValve.java:202) ~[tomcat-embed-core-9.0.39.jar:9.0.39]
	at org.apache.catalina.core.StandardContextValve.invoke(StandardContextValve.java:97) [tomcat-embed-core-9.0.39.jar:9.0.39]
	at org.apache.catalina.authenticator.AuthenticatorBase.invoke(AuthenticatorBase.java:542) [tomcat-embed-core-9.0.39.jar:9.0.39]
	at org.apache.catalina.core.StandardHostValve.invoke(StandardHostValve.java:143) [tomcat-embed-core-9.0.39.jar:9.0.39]
	at org.apache.catalina.valves.ErrorReportValve.invoke(ErrorReportValve.java:92) [tomcat-embed-core-9.0.39.jar:9.0.39]
	at org.apache.catalina.core.StandardEngineValve.invoke(StandardEngineValve.java:78) [tomcat-embed-core-9.0.39.jar:9.0.39]
	at org.apache.catalina.connector.CoyoteAdapter.service(CoyoteAdapter.java:343) [tomcat-embed-core-9.0.39.jar:9.0.39]
	at org.apache.coyote.http11.Http11Processor.service(Http11Processor.java:374) [tomcat-embed-core-9.0.39.jar:9.0.39]
	at org.apache.coyote.AbstractProcessorLight.process(AbstractProcessorLight.java:65) [tomcat-embed-core-9.0.39.jar:9.0.39]
	at org.apache.coyote.AbstractProtocol$ConnectionHandler.process(AbstractProtocol.java:868) [tomcat-embed-core-9.0.39.jar:9.0.39]
	at org.apache.tomcat.util.net.NioEndpoint$SocketProcessor.doRun(NioEndpoint.java:1590) [tomcat-embed-core-9.0.39.jar:9.0.39]
	at org.apache.tomcat.util.net.SocketProcessorBase.run(SocketProcessorBase.java:49) [tomcat-embed-core-9.0.39.jar:9.0.39]
	at java.util.concurrent.ThreadPoolExecutor.runWorker(Unknown Source) [na:1.8.0_281]
	at java.util.concurrent.ThreadPoolExecutor$Worker.run(Unknown Source) [na:1.8.0_281]
	at org.apache.tomcat.util.threads.TaskThread$WrappingRunnable.run(TaskThread.java:61) [tomcat-embed-core-9.0.39.jar:9.0.39]
	at java.lang.Thread.run(Unknown Source) [na:1.8.0_281]

2021-02-11 10:07:28.838 ERROR 8916 --- [http-nio-8090-exec-6] o.a.c.c.C.[.[.[/].[dispatcherServlet]    : Servlet.service() for servlet [dispatcherServlet] in context with path [] threw exception [Request processing failed; nested exception is java.util.NoSuchElementException: No value present] with root cause

java.util.NoSuchElementException: No value present
	at java.util.Optional.get(Unknown Source) ~[na:1.8.0_281]
	at com.vaman.spring.boot.demo.service.DepartmentService.getDepartmentById(DepartmentService.java:28) ~[classes/:na]
	at com.vaman.spring.boot.demo.controller.DepartmentController.getDepartment(DepartmentController.java:29) ~[classes/:na]
	at sun.reflect.NativeMethodAccessorImpl.invoke0(Native Method) ~[na:1.8.0_281]
	at sun.reflect.NativeMethodAccessorImpl.invoke(Unknown Source) ~[na:1.8.0_281]
	at sun.reflect.DelegatingMethodAccessorImpl.invoke(Unknown Source) ~[na:1.8.0_281]
	at java.lang.reflect.Method.invoke(Unknown Source) ~[na:1.8.0_281]
	at org.springframework.web.method.support.InvocableHandlerMethod.doInvoke(InvocableHandlerMethod.java:197) ~[spring-web-5.3.1.jar:5.3.1]
	at org.springframework.web.method.support.InvocableHandlerMethod.invokeForRequest(InvocableHandlerMethod.java:141) ~[spring-web-5.3.1.jar:5.3.1]
	at org.springframework.web.servlet.mvc.method.annotation.ServletInvocableHandlerMethod.invokeAndHandle(ServletInvocableHandlerMethod.java:106) ~[spring-webmvc-5.3.1.jar:5.3.1]
	at org.springframework.web.servlet.mvc.method.annotation.RequestMappingHandlerAdapter.invokeHandlerMethod(RequestMappingHandlerAdapter.java:893) ~[spring-webmvc-5.3.1.jar:5.3.1]
	at org.springframework.web.servlet.mvc.method.annotation.RequestMappingHandlerAdapter.handleInternal(RequestMappingHandlerAdapter.java:807) ~[spring-webmvc-5.3.1.jar:5.3.1]
	at org.springframework.web.servlet.mvc.method.AbstractHandlerMethodAdapter.handle(AbstractHandlerMethodAdapter.java:87) ~[spring-webmvc-5.3.1.jar:5.3.1]
	at org.springframework.web.servlet.DispatcherServlet.doDispatch(DispatcherServlet.java:1061) ~[spring-webmvc-5.3.1.jar:5.3.1]
	at org.springframework.web.servlet.DispatcherServlet.doService(DispatcherServlet.java:961) ~[spring-webmvc-5.3.1.jar:5.3.1]
	at org.springframework.web.servlet.FrameworkServlet.processRequest(FrameworkServlet.java:1006) ~[spring-webmvc-5.3.1.jar:5.3.1]
	at org.springframework.web.servlet.FrameworkServlet.doGet(FrameworkServlet.java:898) ~[spring-webmvc-5.3.1.jar:5.3.1]
	at javax.servlet.http.HttpServlet.service(HttpServlet.java:626) ~[tomcat-embed-core-9.0.39.jar:4.0.FR]
	at org.springframework.web.servlet.FrameworkServlet.service(FrameworkServlet.java:883) ~[spring-webmvc-5.3.1.jar:5.3.1]
	at javax.servlet.http.HttpServlet.service(HttpServlet.java:733) ~[tomcat-embed-core-9.0.39.jar:4.0.FR]
	at org.apache.catalina.core.ApplicationFilterChain.internalDoFilter(ApplicationFilterChain.java:231) ~[tomcat-embed-core-9.0.39.jar:9.0.39]
	at org.apache.catalina.core.ApplicationFilterChain.doFilter(ApplicationFilterChain.java:166) ~[tomcat-embed-core-9.0.39.jar:9.0.39]
	at org.apache.tomcat.websocket.server.WsFilter.doFilter(WsFilter.java:53) ~[tomcat-embed-websocket-9.0.39.jar:9.0.39]
	at org.apache.catalina.core.ApplicationFilterChain.internalDoFilter(ApplicationFilterChain.java:193) ~[tomcat-embed-core-9.0.39.jar:9.0.39]
	at org.apache.catalina.core.ApplicationFilterChain.doFilter(ApplicationFilterChain.java:166) ~[tomcat-embed-core-9.0.39.jar:9.0.39]
	at org.springframework.web.filter.RequestContextFilter.doFilterInternal(RequestContextFilter.java:100) ~[spring-web-5.3.1.jar:5.3.1]
	at org.springframework.web.filter.OncePerRequestFilter.doFilter(OncePerRequestFilter.java:119) ~[spring-web-5.3.1.jar:5.3.1]
	at org.apache.catalina.core.ApplicationFilterChain.internalDoFilter(ApplicationFilterChain.java:193) ~[tomcat-embed-core-9.0.39.jar:9.0.39]
	at org.apache.catalina.core.ApplicationFilterChain.doFilter(ApplicationFilterChain.java:166) ~[tomcat-embed-core-9.0.39.jar:9.0.39]
	at org.springframework.web.filter.FormContentFilter.doFilterInternal(FormContentFilter.java:93) ~[spring-web-5.3.1.jar:5.3.1]
	at org.springframework.web.filter.OncePerRequestFilter.doFilter(OncePerRequestFilter.java:119) ~[spring-web-5.3.1.jar:5.3.1]
	at org.apache.catalina.core.ApplicationFilterChain.internalDoFilter(ApplicationFilterChain.java:193) ~[tomcat-embed-core-9.0.39.jar:9.0.39]
	at org.apache.catalina.core.ApplicationFilterChain.doFilter(ApplicationFilterChain.java:166) ~[tomcat-embed-core-9.0.39.jar:9.0.39]
	at org.springframework.web.filter.CharacterEncodingFilter.doFilterInternal(CharacterEncodingFilter.java:201) ~[spring-web-5.3.1.jar:5.3.1]
	at org.springframework.web.filter.OncePerRequestFilter.doFilter(OncePerRequestFilter.java:119) ~[spring-web-5.3.1.jar:5.3.1]
	at org.apache.catalina.core.ApplicationFilterChain.internalDoFilter(ApplicationFilterChain.java:193) ~[tomcat-embed-core-9.0.39.jar:9.0.39]
	at org.apache.catalina.core.ApplicationFilterChain.doFilter(ApplicationFilterChain.java:166) ~[tomcat-embed-core-9.0.39.jar:9.0.39]
	at org.apache.catalina.core.StandardWrapperValve.invoke(StandardWrapperValve.java:202) ~[tomcat-embed-core-9.0.39.jar:9.0.39]
	at org.apache.catalina.core.StandardContextValve.invoke(StandardContextValve.java:97) [tomcat-embed-core-9.0.39.jar:9.0.39]
	at org.apache.catalina.authenticator.AuthenticatorBase.invoke(AuthenticatorBase.java:542) [tomcat-embed-core-9.0.39.jar:9.0.39]
	at org.apache.catalina.core.StandardHostValve.invoke(StandardHostValve.java:143) [tomcat-embed-core-9.0.39.jar:9.0.39]
	at org.apache.catalina.valves.ErrorReportValve.invoke(ErrorReportValve.java:92) [tomcat-embed-core-9.0.39.jar:9.0.39]
	at org.apache.catalina.core.StandardEngineValve.invoke(StandardEngineValve.java:78) [tomcat-embed-core-9.0.39.jar:9.0.39]
	at org.apache.catalina.connector.CoyoteAdapter.service(CoyoteAdapter.java:343) [tomcat-embed-core-9.0.39.jar:9.0.39]
	at org.apache.coyote.http11.Http11Processor.service(Http11Processor.java:374) [tomcat-embed-core-9.0.39.jar:9.0.39]
	at org.apache.coyote.AbstractProcessorLight.process(AbstractProcessorLight.java:65) [tomcat-embed-core-9.0.39.jar:9.0.39]
	at org.apache.coyote.AbstractProtocol$ConnectionHandler.process(AbstractProtocol.java:868) [tomcat-embed-core-9.0.39.jar:9.0.39]
	at org.apache.tomcat.util.net.NioEndpoint$SocketProcessor.doRun(NioEndpoint.java:1590) [tomcat-embed-core-9.0.39.jar:9.0.39]
	at org.apache.tomcat.util.net.SocketProcessorBase.run(SocketProcessorBase.java:49) [tomcat-embed-core-9.0.39.jar:9.0.39]
	at java.util.concurrent.ThreadPoolExecutor.runWorker(Unknown Source) [na:1.8.0_281]
	at java.util.concurrent.ThreadPoolExecutor$Worker.run(Unknown Source) [na:1.8.0_281]
	at org.apache.tomcat.util.threads.TaskThread$WrappingRunnable.run(TaskThread.java:61) [tomcat-embed-core-9.0.39.jar:9.0.39]
	at java.lang.Thread.run(Unknown Source) [na:1.8.0_281]

2021-02-11 10:11:36.174  INFO 8916 --- [RMI TCP Connection(2)-127.0.0.1] inMXBeanRegistrar$SpringApplicationAdmin : Application shutdown requested.
2021-02-11 10:11:38.557  INFO 8916 --- [RMI TCP Connection(2)-127.0.0.1] j.LocalContainerEntityManagerFactoryBean : Closing JPA EntityManagerFactory for persistence unit 'default'
2021-02-11 10:11:38.606  INFO 8916 --- [RMI TCP Connection(2)-127.0.0.1] o.s.s.concurrent.ThreadPoolTaskExecutor  : Shutting down ExecutorService 'applicationTaskExecutor'
2021-02-11 10:11:38.608  INFO 8916 --- [RMI TCP Connection(2)-127.0.0.1] com.zaxxer.hikari.HikariDataSource       : HikariPool-1 - Shutdown initiated...
2021-02-11 10:11:38.634  INFO 8916 --- [RMI TCP Connection(2)-127.0.0.1] com.zaxxer.hikari.HikariDataSource       : HikariPool-1 - Shutdown completed.
2021-02-11 10:30:44.828  INFO 4844 --- [restartedMain] com.vaman.spring.boot.demo.App           : Starting App using Java 1.8.0_281 on DESKTOP-KFP7J4E with PID 4844 (C:\VamanCode\eclipse-workspace-7\spring-boot-project\target\classes started by Vaman in C:\VamanCode\eclipse-workspace-7\spring-boot-project)
2021-02-11 10:30:44.832  INFO 4844 --- [restartedMain] com.vaman.spring.boot.demo.App           : No active profile set, falling back to default profiles: default
2021-02-11 10:30:45.168  INFO 4844 --- [restartedMain] o.s.b.devtools.restart.ChangeableUrls    : The Class-Path manifest attribute in C:\Users\Vaman\.m2\repository\org\apache\derby\derby\10.14.2.0\derby-10.14.2.0.jar referenced one or more files that do not exist: file:/C:/Users/Vaman/.m2/repository/org/apache/derby/derby/10.14.2.0/derbyLocale_cs.jar,file:/C:/Users/Vaman/.m2/repository/org/apache/derby/derby/10.14.2.0/derbyLocale_de_DE.jar,file:/C:/Users/Vaman/.m2/repository/org/apache/derby/derby/10.14.2.0/derbyLocale_es.jar,file:/C:/Users/Vaman/.m2/repository/org/apache/derby/derby/10.14.2.0/derbyLocale_fr.jar,file:/C:/Users/Vaman/.m2/repository/org/apache/derby/derby/10.14.2.0/derbyLocale_hu.jar,file:/C:/Users/Vaman/.m2/repository/org/apache/derby/derby/10.14.2.0/derbyLocale_it.jar,file:/C:/Users/Vaman/.m2/repository/org/apache/derby/derby/10.14.2.0/derbyLocale_ja_JP.jar,file:/C:/Users/Vaman/.m2/repository/org/apache/derby/derby/10.14.2.0/derbyLocale_ko_KR.jar,file:/C:/Users/Vaman/.m2/repository/org/apache/derby/derby/10.14.2.0/derbyLocale_pl.jar,file:/C:/Users/Vaman/.m2/repository/org/apache/derby/derby/10.14.2.0/derbyLocale_pt_BR.jar,file:/C:/Users/Vaman/.m2/repository/org/apache/derby/derby/10.14.2.0/derbyLocale_ru.jar,file:/C:/Users/Vaman/.m2/repository/org/apache/derby/derby/10.14.2.0/derbyLocale_zh_CN.jar,file:/C:/Users/Vaman/.m2/repository/org/apache/derby/derby/10.14.2.0/derbyLocale_zh_TW.jar
2021-02-11 10:30:45.179  INFO 4844 --- [restartedMain] .e.DevToolsPropertyDefaultsPostProcessor : Devtools property defaults active! Set 'spring.devtools.add-properties' to 'false' to disable
2021-02-11 10:30:45.181  INFO 4844 --- [restartedMain] .e.DevToolsPropertyDefaultsPostProcessor : For additional web related logging consider setting the 'logging.level.web' property to 'DEBUG'
2021-02-11 10:30:48.093  INFO 4844 --- [restartedMain] .s.d.r.c.RepositoryConfigurationDelegate : Bootstrapping Spring Data JPA repositories in DEFERRED mode.
2021-02-11 10:30:48.338  INFO 4844 --- [restartedMain] .s.d.r.c.RepositoryConfigurationDelegate : Finished Spring Data repository scanning in 215 ms. Found 2 JPA repository interfaces.
2021-02-11 10:30:50.336  INFO 4844 --- [restartedMain] o.s.b.w.embedded.tomcat.TomcatWebServer  : Tomcat initialized with port(s): 8090 (http)
2021-02-11 10:30:50.369  INFO 4844 --- [restartedMain] o.apache.catalina.core.StandardService   : Starting service [Tomcat]
2021-02-11 10:30:50.370  INFO 4844 --- [restartedMain] org.apache.catalina.core.StandardEngine  : Starting Servlet engine: [Apache Tomcat/9.0.39]
2021-02-11 10:30:50.379  INFO 4844 --- [restartedMain] o.a.catalina.core.AprLifecycleListener   : Loaded Apache Tomcat Native library [1.2.24] using APR version [1.7.0].
2021-02-11 10:30:50.381  INFO 4844 --- [restartedMain] o.a.catalina.core.AprLifecycleListener   : APR capabilities: IPv6 [true], sendfile [true], accept filters [false], random [true].
2021-02-11 10:30:50.388  INFO 4844 --- [restartedMain] o.a.catalina.core.AprLifecycleListener   : APR/OpenSSL configuration: useAprConnector [false], useOpenSSL [true]
2021-02-11 10:30:50.399  INFO 4844 --- [restartedMain] o.a.catalina.core.AprLifecycleListener   : OpenSSL successfully initialized [OpenSSL 1.1.1g  21 Apr 2020]
2021-02-11 10:30:50.794  INFO 4844 --- [restartedMain] o.a.c.c.C.[Tomcat].[localhost].[/]       : Initializing Spring embedded WebApplicationContext
2021-02-11 10:30:50.796  INFO 4844 --- [restartedMain] w.s.c.ServletWebServerApplicationContext : Root WebApplicationContext: initialization completed in 5596 ms
2021-02-11 10:30:51.665  INFO 4844 --- [restartedMain] o.s.s.concurrent.ThreadPoolTaskExecutor  : Initializing ExecutorService 'applicationTaskExecutor'
2021-02-11 10:30:51.821  INFO 4844 --- [task-1] o.hibernate.jpa.internal.util.LogHelper  : HHH000204: Processing PersistenceUnitInfo [name: default]
2021-02-11 10:30:52.078  WARN 4844 --- [restartedMain] JpaBaseConfiguration$JpaWebConfiguration : spring.jpa.open-in-view is enabled by default. Therefore, database queries may be performed during view rendering. Explicitly configure spring.jpa.open-in-view to disable this warning
2021-02-11 10:30:52.100  INFO 4844 --- [task-1] org.hibernate.Version                    : HHH000412: Hibernate ORM core version 5.4.23.Final
2021-02-11 10:30:53.023  INFO 4844 --- [task-1] o.hibernate.annotations.common.Version   : HCANN000001: Hibernate Commons Annotations {5.1.2.Final}
2021-02-11 10:30:53.687  INFO 4844 --- [task-1] com.zaxxer.hikari.HikariDataSource       : HikariPool-1 - Starting...
2021-02-11 10:30:53.693  WARN 4844 --- [task-1] com.zaxxer.hikari.util.DriverDataSource  : Registered driver with driverClassName=org.apache.derby.jdbc.EmbeddedDriver was not found, trying direct instantiation.
2021-02-11 10:30:53.991  INFO 4844 --- [restartedMain] o.s.b.d.a.OptionalLiveReloadServer       : LiveReload server is running on port 35729
2021-02-11 10:30:54.210  INFO 4844 --- [restartedMain] o.s.b.w.embedded.tomcat.TomcatWebServer  : Tomcat started on port(s): 8090 (http) with context path ''
2021-02-11 10:30:54.221  INFO 4844 --- [restartedMain] DeferredRepositoryInitializationListener : Triggering deferred initialization of Spring Data repositories…
2021-02-11 10:30:55.282  INFO 4844 --- [task-1] com.zaxxer.hikari.pool.PoolBase          : HikariPool-1 - Driver does not support get/set network timeout for connections. (Feature not implemented: No details.)
2021-02-11 10:30:55.291  INFO 4844 --- [task-1] com.zaxxer.hikari.HikariDataSource       : HikariPool-1 - Start completed.
2021-02-11 10:30:55.331  INFO 4844 --- [task-1] org.hibernate.dialect.Dialect            : HHH000400: Using dialect: org.hibernate.dialect.DerbyTenSevenDialect
2021-02-11 10:30:58.084  INFO 4844 --- [task-1] o.h.e.t.j.p.i.JtaPlatformInitiator       : HHH000490: Using JtaPlatform implementation: [org.hibernate.engine.transaction.jta.platform.internal.NoJtaPlatform]
2021-02-11 10:30:58.110  INFO 4844 --- [task-1] j.LocalContainerEntityManagerFactoryBean : Initialized JPA EntityManagerFactory for persistence unit 'default'
2021-02-11 10:30:58.931  INFO 4844 --- [restartedMain] DeferredRepositoryInitializationListener : Spring Data repositories initialized!
2021-02-11 10:30:58.961  INFO 4844 --- [restartedMain] com.vaman.spring.boot.demo.App           : Started App in 16.254 seconds (JVM running for 21.913)
2021-02-11 10:30:58.974  INFO 4844 --- [restartedMain] com.vaman.spring.boot.demo.App           : End
2021-02-11 10:31:31.910  INFO 4844 --- [http-nio-8090-exec-1] o.a.c.c.C.[Tomcat].[localhost].[/]       : Initializing Spring DispatcherServlet 'dispatcherServlet'
2021-02-11 10:31:31.911  INFO 4844 --- [http-nio-8090-exec-1] o.s.web.servlet.DispatcherServlet        : Initializing Servlet 'dispatcherServlet'
2021-02-11 10:31:31.918  INFO 4844 --- [http-nio-8090-exec-1] o.s.web.servlet.DispatcherServlet        : Completed initialization in 3 ms
2021-02-11 10:31:32.117  INFO 4844 --- [http-nio-8090-exec-1] c.v.s.b.demo.service.DepartmentService   : getAllDepartments service
2021-02-11 10:31:53.531  INFO 4844 --- [Thread-8] j.LocalContainerEntityManagerFactoryBean : Closing JPA EntityManagerFactory for persistence unit 'default'
2021-02-11 10:31:53.545  INFO 4844 --- [Thread-8] o.s.s.concurrent.ThreadPoolTaskExecutor  : Shutting down ExecutorService 'applicationTaskExecutor'
2021-02-11 10:31:54.602  WARN 4844 --- [Thread-8] o.s.b.f.support.DisposableBeanAdapter    : Invocation of destroy method failed on bean with name 'inMemoryDatabaseShutdownExecutor': java.sql.SQLException: Directory E:/ness/hr cannot be removed.
2021-02-11 10:31:54.605  INFO 4844 --- [Thread-8] com.zaxxer.hikari.HikariDataSource       : HikariPool-1 - Shutdown initiated...
2021-02-11 10:31:54.611  INFO 4844 --- [Thread-8] com.zaxxer.hikari.HikariDataSource       : HikariPool-1 - Shutdown completed.
2021-02-11 10:31:54.971  INFO 4844 --- [restartedMain] com.vaman.spring.boot.demo.App           : Start
2021-02-11 10:31:55.187  INFO 4844 --- [restartedMain] com.vaman.spring.boot.demo.App           : Starting App using Java 1.8.0_281 on DESKTOP-KFP7J4E with PID 4844 (C:\VamanCode\eclipse-workspace-7\spring-boot-project\target\classes started by Vaman in C:\VamanCode\eclipse-workspace-7\spring-boot-project)
2021-02-11 10:31:55.188  INFO 4844 --- [restartedMain] com.vaman.spring.boot.demo.App           : No active profile set, falling back to default profiles: default
2021-02-11 10:31:56.200  INFO 4844 --- [restartedMain] .s.d.r.c.RepositoryConfigurationDelegate : Bootstrapping Spring Data JPA repositories in DEFERRED mode.
2021-02-11 10:31:56.286  INFO 4844 --- [restartedMain] .s.d.r.c.RepositoryConfigurationDelegate : Finished Spring Data repository scanning in 85 ms. Found 2 JPA repository interfaces.
2021-02-11 10:31:56.879  INFO 4844 --- [restartedMain] o.s.b.w.embedded.tomcat.TomcatWebServer  : Tomcat initialized with port(s): 8090 (http)
2021-02-11 10:31:56.882  INFO 4844 --- [restartedMain] o.apache.catalina.core.StandardService   : Starting service [Tomcat]
2021-02-11 10:31:56.893  INFO 4844 --- [restartedMain] org.apache.catalina.core.StandardEngine  : Starting Servlet engine: [Apache Tomcat/9.0.39]
2021-02-11 10:31:56.896  INFO 4844 --- [restartedMain] o.a.catalina.core.AprLifecycleListener   : Loaded Apache Tomcat Native library [1.2.24] using APR version [1.7.0].
2021-02-11 10:31:56.897  INFO 4844 --- [restartedMain] o.a.catalina.core.AprLifecycleListener   : APR capabilities: IPv6 [true], sendfile [true], accept filters [false], random [true].
2021-02-11 10:31:56.898  INFO 4844 --- [restartedMain] o.a.catalina.core.AprLifecycleListener   : APR/OpenSSL configuration: useAprConnector [false], useOpenSSL [true]
2021-02-11 10:31:56.900  INFO 4844 --- [restartedMain] o.a.catalina.core.AprLifecycleListener   : OpenSSL successfully initialized [OpenSSL 1.1.1g  21 Apr 2020]
2021-02-11 10:31:56.968  INFO 4844 --- [restartedMain] o.a.c.c.C.[Tomcat].[localhost].[/]       : Initializing Spring embedded WebApplicationContext
2021-02-11 10:31:56.969  INFO 4844 --- [restartedMain] w.s.c.ServletWebServerApplicationContext : Root WebApplicationContext: initialization completed in 1754 ms
2021-02-11 10:31:57.185  INFO 4844 --- [restartedMain] o.s.s.concurrent.ThreadPoolTaskExecutor  : Initializing ExecutorService 'applicationTaskExecutor'
2021-02-11 10:31:57.245  INFO 4844 --- [task-1] o.hibernate.jpa.internal.util.LogHelper  : HHH000204: Processing PersistenceUnitInfo [name: default]
2021-02-11 10:31:57.275  INFO 4844 --- [task-1] com.zaxxer.hikari.HikariDataSource       : HikariPool-2 - Starting...
2021-02-11 10:31:57.276  WARN 4844 --- [task-1] com.zaxxer.hikari.util.DriverDataSource  : Registered driver with driverClassName=org.apache.derby.jdbc.EmbeddedDriver was not found, trying direct instantiation.
2021-02-11 10:31:57.427  WARN 4844 --- [restartedMain] JpaBaseConfiguration$JpaWebConfiguration : spring.jpa.open-in-view is enabled by default. Therefore, database queries may be performed during view rendering. Explicitly configure spring.jpa.open-in-view to disable this warning
2021-02-11 10:31:57.638  INFO 4844 --- [task-1] com.zaxxer.hikari.pool.PoolBase          : HikariPool-2 - Driver does not support get/set network timeout for connections. (Feature not implemented: No details.)
2021-02-11 10:31:57.641  INFO 4844 --- [task-1] com.zaxxer.hikari.HikariDataSource       : HikariPool-2 - Start completed.
2021-02-11 10:31:57.645  INFO 4844 --- [task-1] org.hibernate.dialect.Dialect            : HHH000400: Using dialect: org.hibernate.dialect.DerbyTenSevenDialect
2021-02-11 10:31:58.151  INFO 4844 --- [restartedMain] o.s.b.d.a.OptionalLiveReloadServer       : LiveReload server is running on port 35729
2021-02-11 10:31:58.213  INFO 4844 --- [restartedMain] o.s.b.w.embedded.tomcat.TomcatWebServer  : Tomcat started on port(s): 8090 (http) with context path ''
2021-02-11 10:31:58.240  INFO 4844 --- [restartedMain] DeferredRepositoryInitializationListener : Triggering deferred initialization of Spring Data repositories…
2021-02-11 10:31:58.388  INFO 4844 --- [task-1] o.h.e.t.j.p.i.JtaPlatformInitiator       : HHH000490: Using JtaPlatform implementation: [org.hibernate.engine.transaction.jta.platform.internal.NoJtaPlatform]
2021-02-11 10:31:58.389  INFO 4844 --- [task-1] j.LocalContainerEntityManagerFactoryBean : Initialized JPA EntityManagerFactory for persistence unit 'default'
2021-02-11 10:31:58.545  INFO 4844 --- [restartedMain] DeferredRepositoryInitializationListener : Spring Data repositories initialized!
2021-02-11 10:31:58.570  INFO 4844 --- [restartedMain] com.vaman.spring.boot.demo.App           : Started App in 3.571 seconds (JVM running for 81.522)
2021-02-11 10:31:58.576  INFO 4844 --- [restartedMain] .ConditionEvaluationDeltaLoggingListener : Condition evaluation unchanged
2021-02-11 10:31:58.577  INFO 4844 --- [restartedMain] com.vaman.spring.boot.demo.App           : End
2021-02-11 10:34:28.788  INFO 4844 --- [Thread-20] j.LocalContainerEntityManagerFactoryBean : Closing JPA EntityManagerFactory for persistence unit 'default'
2021-02-11 10:34:28.791  INFO 4844 --- [Thread-20] o.s.s.concurrent.ThreadPoolTaskExecutor  : Shutting down ExecutorService 'applicationTaskExecutor'
2021-02-11 10:34:29.859  WARN 4844 --- [Thread-20] o.s.b.f.support.DisposableBeanAdapter    : Invocation of destroy method failed on bean with name 'inMemoryDatabaseShutdownExecutor': java.sql.SQLException: Directory E:/ness/hr cannot be removed.
2021-02-11 10:34:29.860  INFO 4844 --- [Thread-20] com.zaxxer.hikari.HikariDataSource       : HikariPool-2 - Shutdown initiated...
2021-02-11 10:34:29.876  INFO 4844 --- [Thread-20] com.zaxxer.hikari.HikariDataSource       : HikariPool-2 - Shutdown completed.
2021-02-11 10:34:30.306  INFO 4844 --- [restartedMain] com.vaman.spring.boot.demo.App           : Start
2021-02-11 10:34:30.506  INFO 4844 --- [restartedMain] com.vaman.spring.boot.demo.App           : Starting App using Java 1.8.0_281 on DESKTOP-KFP7J4E with PID 4844 (C:\VamanCode\eclipse-workspace-7\spring-boot-project\target\classes started by Vaman in C:\VamanCode\eclipse-workspace-7\spring-boot-project)
2021-02-11 10:34:30.509  INFO 4844 --- [restartedMain] com.vaman.spring.boot.demo.App           : No active profile set, falling back to default profiles: default
2021-02-11 10:34:31.611  INFO 4844 --- [restartedMain] .s.d.r.c.RepositoryConfigurationDelegate : Bootstrapping Spring Data JPA repositories in DEFERRED mode.
2021-02-11 10:34:31.720  INFO 4844 --- [restartedMain] .s.d.r.c.RepositoryConfigurationDelegate : Finished Spring Data repository scanning in 106 ms. Found 2 JPA repository interfaces.
2021-02-11 10:34:32.585  INFO 4844 --- [restartedMain] o.s.b.w.embedded.tomcat.TomcatWebServer  : Tomcat initialized with port(s): 8090 (http)
2021-02-11 10:34:32.587  INFO 4844 --- [restartedMain] o.apache.catalina.core.StandardService   : Starting service [Tomcat]
2021-02-11 10:34:32.588  INFO 4844 --- [restartedMain] org.apache.catalina.core.StandardEngine  : Starting Servlet engine: [Apache Tomcat/9.0.39]
2021-02-11 10:34:32.589  INFO 4844 --- [restartedMain] o.a.catalina.core.AprLifecycleListener   : Loaded Apache Tomcat Native library [1.2.24] using APR version [1.7.0].
2021-02-11 10:34:32.590  INFO 4844 --- [restartedMain] o.a.catalina.core.AprLifecycleListener   : APR capabilities: IPv6 [true], sendfile [true], accept filters [false], random [true].
2021-02-11 10:34:32.591  INFO 4844 --- [restartedMain] o.a.catalina.core.AprLifecycleListener   : APR/OpenSSL configuration: useAprConnector [false], useOpenSSL [true]
2021-02-11 10:34:32.591  INFO 4844 --- [restartedMain] o.a.catalina.core.AprLifecycleListener   : OpenSSL successfully initialized [OpenSSL 1.1.1g  21 Apr 2020]
2021-02-11 10:34:32.663  INFO 4844 --- [restartedMain] o.a.c.c.C.[Tomcat].[localhost].[/]       : Initializing Spring embedded WebApplicationContext
2021-02-11 10:34:32.664  INFO 4844 --- [restartedMain] w.s.c.ServletWebServerApplicationContext : Root WebApplicationContext: initialization completed in 2146 ms
2021-02-11 10:34:32.910  INFO 4844 --- [restartedMain] o.s.s.concurrent.ThreadPoolTaskExecutor  : Initializing ExecutorService 'applicationTaskExecutor'
2021-02-11 10:34:32.937  INFO 4844 --- [task-1] o.hibernate.jpa.internal.util.LogHelper  : HHH000204: Processing PersistenceUnitInfo [name: default]
2021-02-11 10:34:32.955  INFO 4844 --- [task-1] com.zaxxer.hikari.HikariDataSource       : HikariPool-3 - Starting...
2021-02-11 10:34:32.956  WARN 4844 --- [task-1] com.zaxxer.hikari.util.DriverDataSource  : Registered driver with driverClassName=org.apache.derby.jdbc.EmbeddedDriver was not found, trying direct instantiation.
2021-02-11 10:34:33.030  WARN 4844 --- [restartedMain] JpaBaseConfiguration$JpaWebConfiguration : spring.jpa.open-in-view is enabled by default. Therefore, database queries may be performed during view rendering. Explicitly configure spring.jpa.open-in-view to disable this warning
2021-02-11 10:34:33.289  INFO 4844 --- [task-1] com.zaxxer.hikari.pool.PoolBase          : HikariPool-3 - Driver does not support get/set network timeout for connections. (Feature not implemented: No details.)
2021-02-11 10:34:33.291  INFO 4844 --- [task-1] com.zaxxer.hikari.HikariDataSource       : HikariPool-3 - Start completed.
2021-02-11 10:34:33.292  INFO 4844 --- [task-1] org.hibernate.dialect.Dialect            : HHH000400: Using dialect: org.hibernate.dialect.DerbyTenSevenDialect
2021-02-11 10:34:33.580  INFO 4844 --- [restartedMain] o.s.b.d.a.OptionalLiveReloadServer       : LiveReload server is running on port 35729
2021-02-11 10:34:33.649  INFO 4844 --- [restartedMain] o.s.b.w.embedded.tomcat.TomcatWebServer  : Tomcat started on port(s): 8090 (http) with context path ''
2021-02-11 10:34:33.650  INFO 4844 --- [restartedMain] DeferredRepositoryInitializationListener : Triggering deferred initialization of Spring Data repositories…
2021-02-11 10:34:33.810  INFO 4844 --- [task-1] o.h.e.t.j.p.i.JtaPlatformInitiator       : HHH000490: Using JtaPlatform implementation: [org.hibernate.engine.transaction.jta.platform.internal.NoJtaPlatform]
2021-02-11 10:34:33.811  INFO 4844 --- [task-1] j.LocalContainerEntityManagerFactoryBean : Initialized JPA EntityManagerFactory for persistence unit 'default'
2021-02-11 10:34:33.890  INFO 4844 --- [restartedMain] DeferredRepositoryInitializationListener : Spring Data repositories initialized!
2021-02-11 10:34:33.898  INFO 4844 --- [restartedMain] com.vaman.spring.boot.demo.App           : Started App in 3.571 seconds (JVM running for 236.851)
2021-02-11 10:34:33.905  INFO 4844 --- [restartedMain] .ConditionEvaluationDeltaLoggingListener : Condition evaluation unchanged
2021-02-11 10:34:33.907  INFO 4844 --- [restartedMain] com.vaman.spring.boot.demo.App           : End
2021-02-11 10:37:44.154  INFO 4844 --- [RMI TCP Connection(2)-127.0.0.1] inMXBeanRegistrar$SpringApplicationAdmin : Application shutdown requested.
2021-02-11 10:37:46.265  INFO 4844 --- [RMI TCP Connection(2)-127.0.0.1] j.LocalContainerEntityManagerFactoryBean : Closing JPA EntityManagerFactory for persistence unit 'default'
2021-02-11 10:37:46.270  INFO 4844 --- [RMI TCP Connection(2)-127.0.0.1] o.s.s.concurrent.ThreadPoolTaskExecutor  : Shutting down ExecutorService 'applicationTaskExecutor'
2021-02-11 10:37:47.299  WARN 4844 --- [RMI TCP Connection(2)-127.0.0.1] o.s.b.f.support.DisposableBeanAdapter    : Invocation of destroy method failed on bean with name 'inMemoryDatabaseShutdownExecutor': java.sql.SQLException: Directory E:/ness/hr cannot be removed.
2021-02-11 10:37:47.301  INFO 4844 --- [RMI TCP Connection(2)-127.0.0.1] com.zaxxer.hikari.HikariDataSource       : HikariPool-3 - Shutdown initiated...
2021-02-11 10:37:47.340  INFO 4844 --- [RMI TCP Connection(2)-127.0.0.1] com.zaxxer.hikari.HikariDataSource       : HikariPool-3 - Shutdown completed.
